#
# There is insufficient memory for the Java Runtime Environment to continue.
# Native memory allocation (malloc) failed to allocate 63216 bytes for Chunk::new
# Possible reasons:
#   The system is out of physical RAM or swap space
#   The process is running with CompressedOops enabled, and the Java Heap may be blocking the growth of the native heap
# Possible solutions:
#   Reduce memory load on the system
#   Increase physical memory or swap space
#   Check if swap backing store is full
#   Decrease Java heap size (-Xmx/-Xms)
#   Decrease number of Java threads
#   Decrease Java thread stack sizes (-Xss)
#   Set larger code cache with -XX:ReservedCodeCacheSize=
#   JVM is running with Unscaled Compressed Oops mode in which the Java heap is
#     placed in the first 4GB address space. The Java Heap base address is the
#     maximum limit for the native heap growth. Please use -XX:HeapBaseMinAddress
#     to set the Java Heap base and to place the Java Heap above 4GB virtual address.
# This output file may be truncated or incomplete.
#
#  Out of Memory Error (./src/hotspot/share/memory/arena.cpp:197), pid=21128, tid=15760
#
# JRE version: OpenJDK Runtime Environment Temurin-11.0.14.1+1 (11.0.14.1+1) (build 11.0.14.1+1)
# Java VM: OpenJDK 64-Bit Server VM Temurin-11.0.14.1+1 (11.0.14.1+1, mixed mode, tiered, compressed oops, g1 gc, windows-amd64)
# No core dump will be written. Minidumps are not enabled by default on client versions of Windows
#

---------------  S U M M A R Y ------------

Command Line: -Dfile.encoding=UTF-8 -Dcom.android.sdkmanager.toolsdir=D:\Unity\UnityEditor\2022.3.7f1\Editor\Data\PlaybackEngines\AndroidPlayer\SDK\cmdline-tools\6.0\bin\\.. com.android.sdklib.tool.AvdManagerCli list target -c

Host: Intel(R) Core(TM) i7-10510U CPU @ 1.80GHz, 8 cores, 7G,  Windows 11 , 64 bit Build 22621 (10.0.22621.3374)
Time: Sat May 11 10:07:14 2024 SE Asia Standard Time elapsed time: 0.949542 seconds (0d 0h 0m 0s)

---------------  T H R E A D  ---------------

Current thread (0x000001f9e0b7e000):  JavaThread "C2 CompilerThread0" daemon [_thread_in_native, id=15760, stack(0x000000519e700000,0x000000519e800000)]


Current CompileTask:
C2:    949  699       4       java.lang.StringLatin1::indexOf (121 bytes)

Stack: [0x000000519e700000,0x000000519e800000]
Native frames: (J=compiled Java code, j=interpreted, Vv=VM code, C=native code)
V  [jvm.dll+0x61e59a]
V  [jvm.dll+0x7aaca9]
V  [jvm.dll+0x7ac398]
V  [jvm.dll+0x7aca73]
V  [jvm.dll+0x24f9b8]
V  [jvm.dll+0xc260c]
V  [jvm.dll+0xc2bcc]
V  [jvm.dll+0x2c1884]
V  [jvm.dll+0x52d899]
V  [jvm.dll+0x210fcd]
V  [jvm.dll+0x20ac34]
V  [jvm.dll+0x207ccb]
V  [jvm.dll+0x18a2c1]
V  [jvm.dll+0x217734]
V  [jvm.dll+0x21597b]
V  [jvm.dll+0x76d7c0]
V  [jvm.dll+0x766724]
V  [jvm.dll+0x61d3f6]
C  [ucrtbase.dll+0x29333]
C  [KERNEL32.DLL+0x1257d]
C  [ntdll.dll+0x5aa48]


---------------  P R O C E S S  ---------------

Threads class SMR info:
_java_thread_list=0x000001f9e1c166b0, length=11, elements={
0x000001f9c1bf6000, 0x000001f9e0b6e800, 0x000001f9e0b65000, 0x000001f9e0b77800,
0x000001f9e0b78800, 0x000001f9e0b7b000, 0x000001f9e0b7e000, 0x000001f9e14c4800,
0x000001f9e14d1000, 0x000001f9e1648800, 0x000001f9e1c2e000
}

Java Threads: ( => current thread )
  0x000001f9c1bf6000 JavaThread "main" [_thread_blocked, id=7480, stack(0x000000519db00000,0x000000519dc00000)]
  0x000001f9e0b6e800 JavaThread "Reference Handler" daemon [_thread_blocked, id=24096, stack(0x000000519e200000,0x000000519e300000)]
  0x000001f9e0b65000 JavaThread "Finalizer" daemon [_thread_blocked, id=7880, stack(0x000000519e300000,0x000000519e400000)]
  0x000001f9e0b77800 JavaThread "Signal Dispatcher" daemon [_thread_blocked, id=11840, stack(0x000000519e400000,0x000000519e500000)]
  0x000001f9e0b78800 JavaThread "Attach Listener" daemon [_thread_blocked, id=26224, stack(0x000000519e500000,0x000000519e600000)]
  0x000001f9e0b7b000 JavaThread "Service Thread" daemon [_thread_blocked, id=12360, stack(0x000000519e600000,0x000000519e700000)]
=>0x000001f9e0b7e000 JavaThread "C2 CompilerThread0" daemon [_thread_in_native, id=15760, stack(0x000000519e700000,0x000000519e800000)]
  0x000001f9e14c4800 JavaThread "C1 CompilerThread0" daemon [_thread_blocked, id=18020, stack(0x000000519e800000,0x000000519e900000)]
  0x000001f9e14d1000 JavaThread "Sweeper thread" daemon [_thread_blocked, id=26940, stack(0x000000519e900000,0x000000519ea00000)]
  0x000001f9e1648800 JavaThread "Common-Cleaner" daemon [_thread_blocked, id=8720, stack(0x000000519eb00000,0x000000519ec00000)]
  0x000001f9e1c2e000 JavaThread "C2 CompilerThread1" daemon [_thread_in_native, id=15984, stack(0x000000519ec00000,0x000000519ed00000)]

Other Threads:
  0x000001f9e0b3b800 VMThread "VM Thread" [stack: 0x000000519e100000,0x000000519e200000] [id=13380]
  0x000001f9e163c800 WatcherThread [stack: 0x000000519ea00000,0x000000519eb00000] [id=23380]
  0x000001f9bf97d800 GCTaskThread "GC Thread#0" [stack: 0x000000519dc00000,0x000000519dd00000] [id=4172]
  0x000001f9c1c3d800 ConcurrentGCThread "G1 Main Marker" [stack: 0x000000519dd00000,0x000000519de00000] [id=10808]
  0x000001f9c1c3e800 ConcurrentGCThread "G1 Conc#0" [stack: 0x000000519de00000,0x000000519df00000] [id=24496]
  0x000001f9e09a5800 ConcurrentGCThread "G1 Refine#0" [stack: 0x000000519df00000,0x000000519e000000] [id=14432]
  0x000001f9e09a6000 ConcurrentGCThread "G1 Young RemSet Sampling" [stack: 0x000000519e000000,0x000000519e100000] [id=19320]

Threads with active compile tasks:
C2 CompilerThread0    984  699       4       java.lang.StringLatin1::indexOf (121 bytes)
C2 CompilerThread1    984  698       4       java.util.jar.JarFile::getEntry0 (24 bytes)

VM state:at safepoint (normal execution)

VM Mutex/Monitor currently owned by a thread:  ([mutex/lock_event])
[0x000001f9c1bf2490] Threads_lock - owner thread: 0x000001f9e0b3b800
[0x000001f9c1bf2e20] Heap_lock - owner thread: 0x000001f9c1bf6000

Heap address: 0x0000000082600000, size: 2010 MB, Compressed Oops mode: 32-bit
Narrow klass base: 0x0000000000000000, Narrow klass shift: 3
Compressed class space size: 1073741824 Address: 0x0000000100000000

Heap:
 garbage-first heap   total 129024K, used 16894K [0x0000000082600000, 0x0000000100000000)
  region size 1024K, 17 young (17408K), 1 survivors (1024K)
 Metaspace       used 11205K, capacity 11290K, committed 11392K, reserved 1067008K
  class space    used 1030K, capacity 1083K, committed 1152K, reserved 1048576K
Heap Regions: E=young(eden), S=young(survivor), O=old, HS=humongous(starts), HC=humongous(continues), CS=collection set, F=free, A=archive, TAMS=top-at-mark-start (previous, next)
|   0|0x0000000082600000, 0x0000000082700000, 0x0000000082700000|100%|HS|  |TAMS 0x0000000082600000, 0x0000000082700000| Complete 
|   1|0x0000000082700000, 0x0000000082700000, 0x0000000082800000|  0%| F|  |TAMS 0x0000000082700000, 0x0000000082700000| Untracked 
|   2|0x0000000082800000, 0x0000000082800000, 0x0000000082900000|  0%| F|  |TAMS 0x0000000082800000, 0x0000000082800000| Untracked 
|   3|0x0000000082900000, 0x0000000082900000, 0x0000000082a00000|  0%| F|  |TAMS 0x0000000082900000, 0x0000000082900000| Untracked 
|   4|0x0000000082a00000, 0x0000000082a00000, 0x0000000082b00000|  0%| F|  |TAMS 0x0000000082a00000, 0x0000000082a00000| Untracked 
|   5|0x0000000082b00000, 0x0000000082b00000, 0x0000000082c00000|  0%| F|  |TAMS 0x0000000082b00000, 0x0000000082b00000| Untracked 
|   6|0x0000000082c00000, 0x0000000082c00000, 0x0000000082d00000|  0%| F|  |TAMS 0x0000000082c00000, 0x0000000082c00000| Untracked 
|   7|0x0000000082d00000, 0x0000000082d00000, 0x0000000082e00000|  0%| F|  |TAMS 0x0000000082d00000, 0x0000000082d00000| Untracked 
|   8|0x0000000082e00000, 0x0000000082e00000, 0x0000000082f00000|  0%| F|  |TAMS 0x0000000082e00000, 0x0000000082e00000| Untracked 
|   9|0x0000000082f00000, 0x0000000082f00000, 0x0000000083000000|  0%| F|  |TAMS 0x0000000082f00000, 0x0000000082f00000| Untracked 
|  10|0x0000000083000000, 0x0000000083000000, 0x0000000083100000|  0%| F|  |TAMS 0x0000000083000000, 0x0000000083000000| Untracked 
|  11|0x0000000083100000, 0x0000000083100000, 0x0000000083200000|  0%| F|  |TAMS 0x0000000083100000, 0x0000000083100000| Untracked 
|  12|0x0000000083200000, 0x0000000083200000, 0x0000000083300000|  0%| F|  |TAMS 0x0000000083200000, 0x0000000083200000| Untracked 
|  13|0x0000000083300000, 0x0000000083300000, 0x0000000083400000|  0%| F|  |TAMS 0x0000000083300000, 0x0000000083300000| Untracked 
|  14|0x0000000083400000, 0x0000000083400000, 0x0000000083500000|  0%| F|  |TAMS 0x0000000083400000, 0x0000000083400000| Untracked 
|  15|0x0000000083500000, 0x0000000083500000, 0x0000000083600000|  0%| F|  |TAMS 0x0000000083500000, 0x0000000083500000| Untracked 
|  16|0x0000000083600000, 0x0000000083600000, 0x0000000083700000|  0%| F|  |TAMS 0x0000000083600000, 0x0000000083600000| Untracked 
|  17|0x0000000083700000, 0x0000000083700000, 0x0000000083800000|  0%| F|  |TAMS 0x0000000083700000, 0x0000000083700000| Untracked 
|  18|0x0000000083800000, 0x0000000083800000, 0x0000000083900000|  0%| F|  |TAMS 0x0000000083800000, 0x0000000083800000| Untracked 
|  19|0x0000000083900000, 0x0000000083900000, 0x0000000083a00000|  0%| F|  |TAMS 0x0000000083900000, 0x0000000083900000| Untracked 
|  20|0x0000000083a00000, 0x0000000083a00000, 0x0000000083b00000|  0%| F|  |TAMS 0x0000000083a00000, 0x0000000083a00000| Untracked 
|  21|0x0000000083b00000, 0x0000000083b00000, 0x0000000083c00000|  0%| F|  |TAMS 0x0000000083b00000, 0x0000000083b00000| Untracked 
|  22|0x0000000083c00000, 0x0000000083c00000, 0x0000000083d00000|  0%| F|  |TAMS 0x0000000083c00000, 0x0000000083c00000| Untracked 
|  23|0x0000000083d00000, 0x0000000083d00000, 0x0000000083e00000|  0%| F|  |TAMS 0x0000000083d00000, 0x0000000083d00000| Untracked 
|  24|0x0000000083e00000, 0x0000000083e00000, 0x0000000083f00000|  0%| F|  |TAMS 0x0000000083e00000, 0x0000000083e00000| Untracked 
|  25|0x0000000083f00000, 0x0000000083f00000, 0x0000000084000000|  0%| F|  |TAMS 0x0000000083f00000, 0x0000000083f00000| Untracked 
|  26|0x0000000084000000, 0x0000000084000000, 0x0000000084100000|  0%| F|  |TAMS 0x0000000084000000, 0x0000000084000000| Untracked 
|  27|0x0000000084100000, 0x0000000084100000, 0x0000000084200000|  0%| F|  |TAMS 0x0000000084100000, 0x0000000084100000| Untracked 
|  28|0x0000000084200000, 0x0000000084200000, 0x0000000084300000|  0%| F|  |TAMS 0x0000000084200000, 0x0000000084200000| Untracked 
|  29|0x0000000084300000, 0x0000000084300000, 0x0000000084400000|  0%| F|  |TAMS 0x0000000084300000, 0x0000000084300000| Untracked 
|  30|0x0000000084400000, 0x0000000084400000, 0x0000000084500000|  0%| F|  |TAMS 0x0000000084400000, 0x0000000084400000| Untracked 
|  31|0x0000000084500000, 0x0000000084500000, 0x0000000084600000|  0%| F|  |TAMS 0x0000000084500000, 0x0000000084500000| Untracked 
|  32|0x0000000084600000, 0x0000000084600000, 0x0000000084700000|  0%| F|  |TAMS 0x0000000084600000, 0x0000000084600000| Untracked 
|  33|0x0000000084700000, 0x0000000084700000, 0x0000000084800000|  0%| F|  |TAMS 0x0000000084700000, 0x0000000084700000| Untracked 
|  34|0x0000000084800000, 0x0000000084800000, 0x0000000084900000|  0%| F|  |TAMS 0x0000000084800000, 0x0000000084800000| Untracked 
|  35|0x0000000084900000, 0x0000000084900000, 0x0000000084a00000|  0%| F|  |TAMS 0x0000000084900000, 0x0000000084900000| Untracked 
|  36|0x0000000084a00000, 0x0000000084a00000, 0x0000000084b00000|  0%| F|  |TAMS 0x0000000084a00000, 0x0000000084a00000| Untracked 
|  37|0x0000000084b00000, 0x0000000084b00000, 0x0000000084c00000|  0%| F|  |TAMS 0x0000000084b00000, 0x0000000084b00000| Untracked 
|  38|0x0000000084c00000, 0x0000000084c00000, 0x0000000084d00000|  0%| F|  |TAMS 0x0000000084c00000, 0x0000000084c00000| Untracked 
|  39|0x0000000084d00000, 0x0000000084d00000, 0x0000000084e00000|  0%| F|  |TAMS 0x0000000084d00000, 0x0000000084d00000| Untracked 
|  40|0x0000000084e00000, 0x0000000084e00000, 0x0000000084f00000|  0%| F|  |TAMS 0x0000000084e00000, 0x0000000084e00000| Untracked 
|  41|0x0000000084f00000, 0x0000000084f00000, 0x0000000085000000|  0%| F|  |TAMS 0x0000000084f00000, 0x0000000084f00000| Untracked 
|  42|0x0000000085000000, 0x0000000085000000, 0x0000000085100000|  0%| F|  |TAMS 0x0000000085000000, 0x0000000085000000| Untracked 
|  43|0x0000000085100000, 0x0000000085100000, 0x0000000085200000|  0%| F|  |TAMS 0x0000000085100000, 0x0000000085100000| Untracked 
|  44|0x0000000085200000, 0x0000000085200000, 0x0000000085300000|  0%| F|  |TAMS 0x0000000085200000, 0x0000000085200000| Untracked 
|  45|0x0000000085300000, 0x0000000085300000, 0x0000000085400000|  0%| F|  |TAMS 0x0000000085300000, 0x0000000085300000| Untracked 
|  46|0x0000000085400000, 0x0000000085400000, 0x0000000085500000|  0%| F|  |TAMS 0x0000000085400000, 0x0000000085400000| Untracked 
|  47|0x0000000085500000, 0x0000000085500000, 0x0000000085600000|  0%| F|  |TAMS 0x0000000085500000, 0x0000000085500000| Untracked 
|  48|0x0000000085600000, 0x0000000085600000, 0x0000000085700000|  0%| F|  |TAMS 0x0000000085600000, 0x0000000085600000| Untracked 
|  49|0x0000000085700000, 0x0000000085700000, 0x0000000085800000|  0%| F|  |TAMS 0x0000000085700000, 0x0000000085700000| Untracked 
|  50|0x0000000085800000, 0x0000000085800000, 0x0000000085900000|  0%| F|  |TAMS 0x0000000085800000, 0x0000000085800000| Untracked 
|  51|0x0000000085900000, 0x0000000085900000, 0x0000000085a00000|  0%| F|  |TAMS 0x0000000085900000, 0x0000000085900000| Untracked 
|  52|0x0000000085a00000, 0x0000000085a00000, 0x0000000085b00000|  0%| F|  |TAMS 0x0000000085a00000, 0x0000000085a00000| Untracked 
|  53|0x0000000085b00000, 0x0000000085b00000, 0x0000000085c00000|  0%| F|  |TAMS 0x0000000085b00000, 0x0000000085b00000| Untracked 
|  54|0x0000000085c00000, 0x0000000085c00000, 0x0000000085d00000|  0%| F|  |TAMS 0x0000000085c00000, 0x0000000085c00000| Untracked 
|  55|0x0000000085d00000, 0x0000000085d00000, 0x0000000085e00000|  0%| F|  |TAMS 0x0000000085d00000, 0x0000000085d00000| Untracked 
|  56|0x0000000085e00000, 0x0000000085e00000, 0x0000000085f00000|  0%| F|  |TAMS 0x0000000085e00000, 0x0000000085e00000| Untracked 
|  57|0x0000000085f00000, 0x0000000085f00000, 0x0000000086000000|  0%| F|  |TAMS 0x0000000085f00000, 0x0000000085f00000| Untracked 
|  58|0x0000000086000000, 0x0000000086000000, 0x0000000086100000|  0%| F|  |TAMS 0x0000000086000000, 0x0000000086000000| Untracked 
|  59|0x0000000086100000, 0x0000000086100000, 0x0000000086200000|  0%| F|  |TAMS 0x0000000086100000, 0x0000000086100000| Untracked 
|  60|0x0000000086200000, 0x0000000086200000, 0x0000000086300000|  0%| F|  |TAMS 0x0000000086200000, 0x0000000086200000| Untracked 
|  61|0x0000000086300000, 0x0000000086300000, 0x0000000086400000|  0%| F|  |TAMS 0x0000000086300000, 0x0000000086300000| Untracked 
|  62|0x0000000086400000, 0x0000000086400000, 0x0000000086500000|  0%| F|  |TAMS 0x0000000086400000, 0x0000000086400000| Untracked 
|  63|0x0000000086500000, 0x0000000086500000, 0x0000000086600000|  0%| F|  |TAMS 0x0000000086500000, 0x0000000086500000| Untracked 
|  64|0x0000000086600000, 0x0000000086600000, 0x0000000086700000|  0%| F|  |TAMS 0x0000000086600000, 0x0000000086600000| Untracked 
|  65|0x0000000086700000, 0x0000000086700000, 0x0000000086800000|  0%| F|  |TAMS 0x0000000086700000, 0x0000000086700000| Untracked 
|  66|0x0000000086800000, 0x0000000086800000, 0x0000000086900000|  0%| F|  |TAMS 0x0000000086800000, 0x0000000086800000| Untracked 
|  67|0x0000000086900000, 0x0000000086900000, 0x0000000086a00000|  0%| F|  |TAMS 0x0000000086900000, 0x0000000086900000| Untracked 
|  68|0x0000000086a00000, 0x0000000086a00000, 0x0000000086b00000|  0%| F|  |TAMS 0x0000000086a00000, 0x0000000086a00000| Untracked 
|  69|0x0000000086b00000, 0x0000000086b00000, 0x0000000086c00000|  0%| F|  |TAMS 0x0000000086b00000, 0x0000000086b00000| Untracked 
|  70|0x0000000086c00000, 0x0000000086c00000, 0x0000000086d00000|  0%| F|  |TAMS 0x0000000086c00000, 0x0000000086c00000| Untracked 
|  71|0x0000000086d00000, 0x0000000086d00000, 0x0000000086e00000|  0%| F|  |TAMS 0x0000000086d00000, 0x0000000086d00000| Untracked 
|  72|0x0000000086e00000, 0x0000000086e00000, 0x0000000086f00000|  0%| F|  |TAMS 0x0000000086e00000, 0x0000000086e00000| Untracked 
|  73|0x0000000086f00000, 0x0000000086f00000, 0x0000000087000000|  0%| F|  |TAMS 0x0000000086f00000, 0x0000000086f00000| Untracked 
|  74|0x0000000087000000, 0x0000000087000000, 0x0000000087100000|  0%| F|  |TAMS 0x0000000087000000, 0x0000000087000000| Untracked 
|  75|0x0000000087100000, 0x0000000087100000, 0x0000000087200000|  0%| F|  |TAMS 0x0000000087100000, 0x0000000087100000| Untracked 
|  76|0x0000000087200000, 0x0000000087200000, 0x0000000087300000|  0%| F|  |TAMS 0x0000000087200000, 0x0000000087200000| Untracked 
|  77|0x0000000087300000, 0x0000000087300000, 0x0000000087400000|  0%| F|  |TAMS 0x0000000087300000, 0x0000000087300000| Untracked 
|  78|0x0000000087400000, 0x0000000087400000, 0x0000000087500000|  0%| F|  |TAMS 0x0000000087400000, 0x0000000087400000| Untracked 
|  79|0x0000000087500000, 0x0000000087500000, 0x0000000087600000|  0%| F|  |TAMS 0x0000000087500000, 0x0000000087500000| Untracked 
|  80|0x0000000087600000, 0x0000000087600000, 0x0000000087700000|  0%| F|  |TAMS 0x0000000087600000, 0x0000000087600000| Untracked 
|  81|0x0000000087700000, 0x0000000087700000, 0x0000000087800000|  0%| F|  |TAMS 0x0000000087700000, 0x0000000087700000| Untracked 
|  82|0x0000000087800000, 0x0000000087800000, 0x0000000087900000|  0%| F|  |TAMS 0x0000000087800000, 0x0000000087800000| Untracked 
|  83|0x0000000087900000, 0x0000000087900000, 0x0000000087a00000|  0%| F|  |TAMS 0x0000000087900000, 0x0000000087900000| Untracked 
|  84|0x0000000087a00000, 0x0000000087a00000, 0x0000000087b00000|  0%| F|  |TAMS 0x0000000087a00000, 0x0000000087a00000| Untracked 
|  85|0x0000000087b00000, 0x0000000087b00000, 0x0000000087c00000|  0%| F|  |TAMS 0x0000000087b00000, 0x0000000087b00000| Untracked 
|  86|0x0000000087c00000, 0x0000000087c00000, 0x0000000087d00000|  0%| F|  |TAMS 0x0000000087c00000, 0x0000000087c00000| Untracked 
|  87|0x0000000087d00000, 0x0000000087d00000, 0x0000000087e00000|  0%| F|  |TAMS 0x0000000087d00000, 0x0000000087d00000| Untracked 
|  88|0x0000000087e00000, 0x0000000087e00000, 0x0000000087f00000|  0%| F|  |TAMS 0x0000000087e00000, 0x0000000087e00000| Untracked 
|  89|0x0000000087f00000, 0x0000000087f00000, 0x0000000088000000|  0%| F|  |TAMS 0x0000000087f00000, 0x0000000087f00000| Untracked 
|  90|0x0000000088000000, 0x0000000088000000, 0x0000000088100000|  0%| F|  |TAMS 0x0000000088000000, 0x0000000088000000| Untracked 
|  91|0x0000000088100000, 0x0000000088100000, 0x0000000088200000|  0%| F|  |TAMS 0x0000000088100000, 0x0000000088100000| Untracked 
|  92|0x0000000088200000, 0x0000000088200000, 0x0000000088300000|  0%| F|  |TAMS 0x0000000088200000, 0x0000000088200000| Untracked 
|  93|0x0000000088300000, 0x0000000088300000, 0x0000000088400000|  0%| F|  |TAMS 0x0000000088300000, 0x0000000088300000| Untracked 
|  94|0x0000000088400000, 0x0000000088400000, 0x0000000088500000|  0%| F|  |TAMS 0x0000000088400000, 0x0000000088400000| Untracked 
|  95|0x0000000088500000, 0x0000000088500000, 0x0000000088600000|  0%| F|  |TAMS 0x0000000088500000, 0x0000000088500000| Untracked 
|  96|0x0000000088600000, 0x0000000088600000, 0x0000000088700000|  0%| F|  |TAMS 0x0000000088600000, 0x0000000088600000| Untracked 
|  97|0x0000000088700000, 0x0000000088700000, 0x0000000088800000|  0%| F|  |TAMS 0x0000000088700000, 0x0000000088700000| Untracked 
|  98|0x0000000088800000, 0x0000000088800000, 0x0000000088900000|  0%| F|  |TAMS 0x0000000088800000, 0x0000000088800000| Untracked 
|  99|0x0000000088900000, 0x0000000088900000, 0x0000000088a00000|  0%| F|  |TAMS 0x0000000088900000, 0x0000000088900000| Untracked 
| 100|0x0000000088a00000, 0x0000000088a00000, 0x0000000088b00000|  0%| F|  |TAMS 0x0000000088a00000, 0x0000000088a00000| Untracked 
| 101|0x0000000088b00000, 0x0000000088b00000, 0x0000000088c00000|  0%| F|  |TAMS 0x0000000088b00000, 0x0000000088b00000| Untracked 
| 102|0x0000000088c00000, 0x0000000088c00000, 0x0000000088d00000|  0%| F|  |TAMS 0x0000000088c00000, 0x0000000088c00000| Untracked 
| 103|0x0000000088d00000, 0x0000000088d00000, 0x0000000088e00000|  0%| F|  |TAMS 0x0000000088d00000, 0x0000000088d00000| Untracked 
| 104|0x0000000088e00000, 0x0000000088e00000, 0x0000000088f00000|  0%| F|  |TAMS 0x0000000088e00000, 0x0000000088e00000| Untracked 
| 105|0x0000000088f00000, 0x0000000088f00000, 0x0000000089000000|  0%| F|  |TAMS 0x0000000088f00000, 0x0000000088f00000| Untracked 
| 106|0x0000000089000000, 0x0000000089000000, 0x0000000089100000|  0%| F|  |TAMS 0x0000000089000000, 0x0000000089000000| Untracked 
| 107|0x0000000089100000, 0x0000000089100000, 0x0000000089200000|  0%| F|  |TAMS 0x0000000089100000, 0x0000000089100000| Untracked 
| 108|0x0000000089200000, 0x00000000892eac70, 0x0000000089300000| 91%| S|  |TAMS 0x0000000089200000, 0x0000000089200000| Complete 
| 109|0x0000000089300000, 0x0000000089400000, 0x0000000089400000|100%| S|  |TAMS 0x0000000089300000, 0x0000000089300000| Complete 
| 110|0x0000000089400000, 0x000000008947f9d0, 0x0000000089500000| 49%| E|CS|TAMS 0x0000000089400000, 0x000000008947f9d0| Complete 
| 111|0x0000000089500000, 0x0000000089600000, 0x0000000089600000|100%| E|CS|TAMS 0x0000000089500000, 0x0000000089600000| Complete 
| 112|0x0000000089600000, 0x0000000089700000, 0x0000000089700000|100%| E|CS|TAMS 0x0000000089600000, 0x0000000089700000| Complete 
| 113|0x0000000089700000, 0x0000000089800000, 0x0000000089800000|100%| E|CS|TAMS 0x0000000089700000, 0x0000000089800000| Complete 
| 114|0x0000000089800000, 0x0000000089900000, 0x0000000089900000|100%| E|CS|TAMS 0x0000000089800000, 0x0000000089900000| Complete 
| 115|0x0000000089900000, 0x0000000089a00000, 0x0000000089a00000|100%| E|CS|TAMS 0x0000000089900000, 0x0000000089a00000| Complete 
| 116|0x0000000089a00000, 0x0000000089b00000, 0x0000000089b00000|100%| E|CS|TAMS 0x0000000089a00000, 0x0000000089b00000| Complete 
| 117|0x0000000089b00000, 0x0000000089c00000, 0x0000000089c00000|100%| E|CS|TAMS 0x0000000089b00000, 0x0000000089c00000| Complete 
| 118|0x0000000089c00000, 0x0000000089d00000, 0x0000000089d00000|100%| E|CS|TAMS 0x0000000089c00000, 0x0000000089d00000| Complete 
| 119|0x0000000089d00000, 0x0000000089e00000, 0x0000000089e00000|100%| E|CS|TAMS 0x0000000089d00000, 0x0000000089e00000| Complete 
| 120|0x0000000089e00000, 0x0000000089f00000, 0x0000000089f00000|100%| E|CS|TAMS 0x0000000089e00000, 0x0000000089f00000| Complete 
| 121|0x0000000089f00000, 0x000000008a000000, 0x000000008a000000|100%| E|CS|TAMS 0x0000000089f00000, 0x000000008a000000| Complete 
| 122|0x000000008a000000, 0x000000008a100000, 0x000000008a100000|100%| E|CS|TAMS 0x000000008a000000, 0x000000008a100000| Complete 
| 123|0x000000008a100000, 0x000000008a200000, 0x000000008a200000|100%| E|CS|TAMS 0x000000008a100000, 0x000000008a200000| Complete 
| 124|0x000000008a200000, 0x000000008a300000, 0x000000008a300000|100%| E|CS|TAMS 0x000000008a200000, 0x000000008a300000| Complete 
| 125|0x000000008a300000, 0x000000008a400000, 0x000000008a400000|100%| E|CS|TAMS 0x000000008a300000, 0x000000008a400000| Complete 

Card table byte_map: [0x000001f9d9a40000,0x000001f9d9e30000] _byte_map_base: 0x000001f9d962d000

Marking Bits (Prev, Next): (CMBitMap*) 0x000001f9c1c349d8, (CMBitMap*) 0x000001f9c1c34a10
 Prev Bits: [0x000001f9da220000, 0x000001f9dc188000)
 Next Bits: [0x000001f9dc190000, 0x000001f9de0f8000)

Polling page: 0x000001f9bfb30000

Metaspace:

Usage:
  Non-class:      9.97 MB capacity,     9.94 MB (>99%) used,    21.65 KB ( <1%) free+waste,    10.75 KB ( <1%) overhead. 
      Class:      1.06 MB capacity,     1.01 MB ( 95%) used,    47.51 KB (  4%) free+waste,     4.50 KB ( <1%) overhead. 
       Both:     11.03 MB capacity,    10.94 MB (>99%) used,    69.16 KB ( <1%) free+waste,    15.25 KB ( <1%) overhead. 

Virtual space:
  Non-class space:       18.00 MB reserved,      10.00 MB ( 56%) committed 
      Class space:        1.00 GB reserved,       1.13 MB ( <1%) committed 
             Both:        1.02 GB reserved,      11.13 MB (  1%) committed 

Chunk freelists:
   Non-Class:  33.00 KB
       Class:  5.00 KB
        Both:  38.00 KB

MaxMetaspaceSize: 17179869184.00 GB
CompressedClassSpaceSize: 1.00 GB
Initial GC threshold: 20.80 MB
Current GC threshold: 20.80 MB
CDS: off

CodeHeap 'non-profiled nmethods': size=120000Kb used=203Kb max_used=203Kb free=119796Kb
 bounds [0x000001f9d1df0000, 0x000001f9d2060000, 0x000001f9d9320000]
CodeHeap 'profiled nmethods': size=120000Kb used=1234Kb max_used=1234Kb free=118765Kb
 bounds [0x000001f9ca8c0000, 0x000001f9cab30000, 0x000001f9d1df0000]
CodeHeap 'non-nmethods': size=5760Kb used=1138Kb max_used=1151Kb free=4621Kb
 bounds [0x000001f9ca320000, 0x000001f9ca590000, 0x000001f9ca8c0000]
 total_blobs=1121 nmethods=726 adapters=308
 compilation: enabled
              stopped_count=0, restarted_count=0
 full_count=0

Compilation events (20 events):
Event: 0.943 Thread 0x000001f9e14c4800  688       3       java.nio.MappedByteBuffer::rewind (5 bytes)
Event: 0.943 Thread 0x000001f9e14c4800 nmethod 688 0x000001f9ca9e0790 code [0x000001f9ca9e0960, 0x000001f9ca9e0b98]
Event: 0.943 Thread 0x000001f9e14c4800  689       3       java.nio.MappedByteBuffer::rewind (7 bytes)
Event: 0.943 Thread 0x000001f9e14c4800 nmethod 689 0x000001f9ca9e0c90 code [0x000001f9ca9e0e40, 0x000001f9ca9e1018]
Event: 0.943 Thread 0x000001f9e14c4800  690       3       java.nio.ByteBuffer::rewind (7 bytes)
Event: 0.943 Thread 0x000001f9e14c4800 nmethod 690 0x000001f9ca9e1110 code [0x000001f9ca9e12c0, 0x000001f9ca9e1438]
Event: 0.944 Thread 0x000001f9e14c4800  691       3       java.nio.Buffer::rewind (12 bytes)
Event: 0.944 Thread 0x000001f9e14c4800 nmethod 691 0x000001f9ca9e1510 code [0x000001f9ca9e16c0, 0x000001f9ca9e17d8]
Event: 0.944 Thread 0x000001f9e14c4800  696       3       jdk.internal.loader.BuiltinClassLoader::hasClassPath (13 bytes)
Event: 0.944 Thread 0x000001f9e14c4800 nmethod 696 0x000001f9ca9e1890 code [0x000001f9ca9e1a40, 0x000001f9ca9e1b98]
Event: 0.944 Thread 0x000001f9e14c4800  694       3       jdk.internal.jimage.BasicImageReader::getAttributes (48 bytes)
Event: 0.944 Thread 0x000001f9e14c4800 nmethod 694 0x000001f9ca9e1c10 code [0x000001f9ca9e1e20, 0x000001f9ca9e2508]
Event: 0.944 Thread 0x000001f9e14c4800  695       3       jdk.internal.jimage.ImageLocation::verify (50 bytes)
Event: 0.945 Thread 0x000001f9e14c4800 nmethod 695 0x000001f9ca9e2710 code [0x000001f9ca9e2960, 0x000001f9ca9e30a8]
Event: 0.945 Thread 0x000001f9e14c4800  700       3       java.security.SecureClassLoader$CodeSourceKey::equals (56 bytes)
Event: 0.945 Thread 0x000001f9e14c4800 nmethod 700 0x000001f9ca9e3410 code [0x000001f9ca9e3620, 0x000001f9ca9e3c38]
Event: 0.945 Thread 0x000001f9e14c4800  701       3       java.security.CodeSource::matchCerts (254 bytes)
Event: 0.946 Thread 0x000001f9e0b7e000 nmethod 697 0x000001f9d1e21990 code [0x000001f9d1e21b40, 0x000001f9d1e21d98]
Event: 0.946 Thread 0x000001f9e0b7e000  699       4       java.lang.StringLatin1::indexOf (121 bytes)
Event: 0.946 Thread 0x000001f9e14c4800 nmethod 701 0x000001f9ca9e3e10 code [0x000001f9ca9e4060, 0x000001f9ca9e4b98]

GC Heap History (0 events):
No events

Deoptimization events (20 events):
Event: 0.467 Thread 0x000001f9c1bf6000 DEOPT PACKING pc=0x000001f9ca8e3dbb sp=0x000000519dbf8d40
Event: 0.467 Thread 0x000001f9c1bf6000 DEOPT UNPACKING pc=0x000001f9ca36a95e sp=0x000000519dbf8210 mode 0
Event: 0.467 Thread 0x000001f9c1bf6000 DEOPT PACKING pc=0x000001f9ca8e3dbb sp=0x000000519dbf8d40
Event: 0.467 Thread 0x000001f9c1bf6000 DEOPT UNPACKING pc=0x000001f9ca36a95e sp=0x000000519dbf8210 mode 0
Event: 0.467 Thread 0x000001f9c1bf6000 DEOPT PACKING pc=0x000001f9ca8e3dbb sp=0x000000519dbf8d40
Event: 0.467 Thread 0x000001f9c1bf6000 DEOPT UNPACKING pc=0x000001f9ca36a95e sp=0x000000519dbf8210 mode 0
Event: 0.467 Thread 0x000001f9c1bf6000 DEOPT PACKING pc=0x000001f9ca8e440e sp=0x000000519dbf8d70
Event: 0.467 Thread 0x000001f9c1bf6000 DEOPT UNPACKING pc=0x000001f9ca36a95e sp=0x000000519dbf8210 mode 0
Event: 0.467 Thread 0x000001f9c1bf6000 DEOPT PACKING pc=0x000001f9ca8e3dbb sp=0x000000519dbf8d40
Event: 0.467 Thread 0x000001f9c1bf6000 DEOPT UNPACKING pc=0x000001f9ca36a95e sp=0x000000519dbf8210 mode 0
Event: 0.572 Thread 0x000001f9c1bf6000 DEOPT PACKING pc=0x000001f9ca902022 sp=0x000000519dbfe0c0
Event: 0.572 Thread 0x000001f9c1bf6000 DEOPT UNPACKING pc=0x000001f9ca36a95e sp=0x000000519dbfd528 mode 0
Event: 0.581 Thread 0x000001f9c1bf6000 DEOPT PACKING pc=0x000001f9ca8f1950 sp=0x000000519dbf78d0
Event: 0.581 Thread 0x000001f9c1bf6000 DEOPT UNPACKING pc=0x000001f9ca36a95e sp=0x000000519dbf6d58 mode 0
Event: 0.583 Thread 0x000001f9c1bf6000 DEOPT PACKING pc=0x000001f9ca8f1950 sp=0x000000519dbee330
Event: 0.583 Thread 0x000001f9c1bf6000 DEOPT UNPACKING pc=0x000001f9ca36a95e sp=0x000000519dbed7b8 mode 0
Event: 0.644 Thread 0x000001f9c1bf6000 DEOPT PACKING pc=0x000001f9ca90289c sp=0x000000519dbfbfc0
Event: 0.644 Thread 0x000001f9c1bf6000 DEOPT UNPACKING pc=0x000001f9ca36a95e sp=0x000000519dbfb480 mode 1
Event: 0.644 Thread 0x000001f9c1bf6000 DEOPT PACKING pc=0x000001f9ca910cf4 sp=0x000000519dbfdb60
Event: 0.644 Thread 0x000001f9c1bf6000 DEOPT UNPACKING pc=0x000001f9ca36a95e sp=0x000000519dbfd078 mode 1

Classes redefined (0 events):
No events

Internal exceptions (20 events):
Event: 0.891 Thread 0x000001f9c1bf6000 Exception <a 'sun/nio/fs/WindowsException'{0x0000000089786480}> (0x0000000089786480) thrown at [./src/hotspot/share/prims/jni.cpp, line 616]
Event: 0.892 Thread 0x000001f9c1bf6000 Exception <a 'sun/nio/fs/WindowsException'{0x0000000089786e90}> (0x0000000089786e90) thrown at [./src/hotspot/share/prims/jni.cpp, line 616]
Event: 0.892 Thread 0x000001f9c1bf6000 Exception <a 'sun/nio/fs/WindowsException'{0x0000000089787200}> (0x0000000089787200) thrown at [./src/hotspot/share/prims/jni.cpp, line 616]
Event: 0.896 Thread 0x000001f9c1bf6000 Exception <a 'java/lang/NoSuchMethodError'{0x0000000089794c58}: 'java.lang.Object java.lang.invoke.DirectMethodHandle$Holder.invokeStatic(java.lang.Object, java.lang.Object, java.lang.Object, int)'> (0x0000000089794c58) thrown at [./src/hotspot/share/interpreter/linkResolver.cpp, line 773]
Event: 0.896 Thread 0x000001f9c1bf6000 Exception <a 'java/lang/NoSuchMethodError'{0x00000000897988d0}: 'java.lang.Object java.lang.invoke.DirectMethodHandle$Holder.invokeSpecial(java.lang.Object, java.lang.Object, java.lang.Object, java.lang.Object, int)'> (0x00000000897988d0) thrown at [./src/hotspot/share/interpreter/linkResolver.cpp, line 773]
Event: 0.896 Thread 0x000001f9c1bf6000 Exception <a 'java/lang/NoSuchMethodError'{0x000000008979bd68}: 'java.lang.Object java.lang.invoke.Invokers$Holder.linkToTargetMethod(java.lang.Object, java.lang.Object, int, java.lang.Object)'> (0x000000008979bd68) thrown at [./src/hotspot/share/interpreter/linkResolver.cpp, line 773]
Event: 0.899 Thread 0x000001f9c1bf6000 Exception <a 'sun/nio/fs/WindowsException'{0x000000008979f5a8}> (0x000000008979f5a8) thrown at [./src/hotspot/share/prims/jni.cpp, line 616]
Event: 0.899 Thread 0x000001f9c1bf6000 Exception <a 'sun/nio/fs/WindowsException'{0x000000008979f938}> (0x000000008979f938) thrown at [./src/hotspot/share/prims/jni.cpp, line 616]
Event: 0.899 Thread 0x000001f9c1bf6000 Exception <a 'sun/nio/fs/WindowsException'{0x00000000897a0890}> (0x00000000897a0890) thrown at [./src/hotspot/share/prims/jni.cpp, line 616]
Event: 0.899 Thread 0x000001f9c1bf6000 Exception <a 'sun/nio/fs/WindowsException'{0x00000000897a0c48}> (0x00000000897a0c48) thrown at [./src/hotspot/share/prims/jni.cpp, line 616]
Event: 0.906 Thread 0x000001f9c1bf6000 Exception <a 'sun/nio/fs/WindowsException'{0x00000000897a4490}> (0x00000000897a4490) thrown at [./src/hotspot/share/prims/jni.cpp, line 616]
Event: 0.906 Thread 0x000001f9c1bf6000 Exception <a 'sun/nio/fs/WindowsException'{0x00000000897a4830}> (0x00000000897a4830) thrown at [./src/hotspot/share/prims/jni.cpp, line 616]
Event: 0.906 Thread 0x000001f9c1bf6000 Exception <a 'sun/nio/fs/WindowsException'{0x00000000897a5790}> (0x00000000897a5790) thrown at [./src/hotspot/share/prims/jni.cpp, line 616]
Event: 0.906 Thread 0x000001f9c1bf6000 Exception <a 'sun/nio/fs/WindowsException'{0x00000000897a5b50}> (0x00000000897a5b50) thrown at [./src/hotspot/share/prims/jni.cpp, line 616]
Event: 0.907 Thread 0x000001f9c1bf6000 Exception <a 'sun/nio/fs/WindowsException'{0x00000000897a7738}> (0x00000000897a7738) thrown at [./src/hotspot/share/prims/jni.cpp, line 616]
Event: 0.907 Thread 0x000001f9c1bf6000 Exception <a 'sun/nio/fs/WindowsException'{0x00000000897a7af0}> (0x00000000897a7af0) thrown at [./src/hotspot/share/prims/jni.cpp, line 616]
Event: 0.909 Thread 0x000001f9c1bf6000 Exception <a 'sun/nio/fs/WindowsException'{0x00000000897aa0c0}> (0x00000000897aa0c0) thrown at [./src/hotspot/share/prims/jni.cpp, line 616]
Event: 0.909 Thread 0x000001f9c1bf6000 Exception <a 'sun/nio/fs/WindowsException'{0x00000000897aa448}> (0x00000000897aa448) thrown at [./src/hotspot/share/prims/jni.cpp, line 616]
Event: 0.909 Thread 0x000001f9c1bf6000 Exception <a 'sun/nio/fs/WindowsException'{0x00000000897ab390}> (0x00000000897ab390) thrown at [./src/hotspot/share/prims/jni.cpp, line 616]
Event: 0.909 Thread 0x000001f9c1bf6000 Exception <a 'sun/nio/fs/WindowsException'{0x00000000897ab740}> (0x00000000897ab740) thrown at [./src/hotspot/share/prims/jni.cpp, line 616]

Events (20 events):
Event: 0.926 loading class java/io/Reader done
Event: 0.926 loading class java/io/InputStreamReader
Event: 0.926 loading class java/io/InputStreamReader done
Event: 0.926 loading class javax/xml/bind/GetPropertyAction
Event: 0.926 loading class javax/xml/bind/GetPropertyAction done
Event: 0.927 loading class javax/xml/bind/ModuleUtil
Event: 0.927 loading class javax/xml/bind/ModuleUtil done
Event: 0.929 loading class java/util/ArrayList$SubList
Event: 0.929 loading class java/util/ArrayList$SubList done
Event: 0.943 loading class javax/xml/bind/JAXBContextFactory
Event: 0.943 loading class javax/xml/bind/JAXBContextFactory done
Event: 0.944 loading class javax/xml/bind/ServiceLoaderUtil
Event: 0.944 loading class javax/xml/bind/ServiceLoaderUtil done
Event: 0.946 loading class sun/net/www/protocol/jar/JarURLConnection
Event: 0.946 loading class java/net/JarURLConnection
Event: 0.946 loading class java/net/URLConnection
Event: 0.947 loading class java/net/URLConnection done
Event: 0.947 loading class java/net/JarURLConnection done
Event: 0.947 loading class sun/net/www/protocol/jar/JarURLConnection done
Event: 0.948 loading class sun/net/www/protocol/jar/JarFileFactory


Dynamic libraries:
0x00007ff6f4900000 - 0x00007ff6f490d000 	D:\Unity\UnityEditor\2022.3.7f1\Editor\Data\PlaybackEngines\AndroidPlayer\OpenJDK\bin\java.exe
0x00007ffc72e90000 - 0x00007ffc730a6000 	C:\WINDOWS\SYSTEM32\ntdll.dll
0x00007ffc72620000 - 0x00007ffc726e4000 	C:\WINDOWS\System32\KERNEL32.DLL
0x00007ffc70670000 - 0x00007ffc70a17000 	C:\WINDOWS\System32\KERNELBASE.dll
0x00007ffc70220000 - 0x00007ffc70331000 	C:\WINDOWS\System32\ucrtbase.dll
0x00007ffc03310000 - 0x00007ffc03325000 	D:\Unity\UnityEditor\2022.3.7f1\Editor\Data\PlaybackEngines\AndroidPlayer\OpenJDK\bin\VCRUNTIME140.dll
0x00007ffc032f0000 - 0x00007ffc03307000 	D:\Unity\UnityEditor\2022.3.7f1\Editor\Data\PlaybackEngines\AndroidPlayer\OpenJDK\bin\jli.dll
0x00007ffc723a0000 - 0x00007ffc7254e000 	C:\WINDOWS\System32\USER32.dll
0x00007ffc70a20000 - 0x00007ffc70a46000 	C:\WINDOWS\System32\win32u.dll
0x00007ffc571a0000 - 0x00007ffc57433000 	C:\WINDOWS\WinSxS\amd64_microsoft.windows.common-controls_6595b64144ccf1df_6.0.22621.3235_none_270f74e173860f98\COMCTL32.dll
0x00007ffc715f0000 - 0x00007ffc71619000 	C:\WINDOWS\System32\GDI32.dll
0x00007ffc71540000 - 0x00007ffc715e7000 	C:\WINDOWS\System32\msvcrt.dll
0x00007ffc703e0000 - 0x00007ffc704f9000 	C:\WINDOWS\System32\gdi32full.dll
0x00007ffc70340000 - 0x00007ffc703da000 	C:\WINDOWS\System32\msvcp_win.dll
0x00007ffc72760000 - 0x00007ffc72791000 	C:\WINDOWS\System32\IMM32.DLL
0x00007ffc03250000 - 0x00007ffc032eb000 	D:\Unity\UnityEditor\2022.3.7f1\Editor\Data\PlaybackEngines\AndroidPlayer\OpenJDK\bin\msvcp140.dll
0x00007ffbcba70000 - 0x00007ffbcc5f1000 	D:\Unity\UnityEditor\2022.3.7f1\Editor\Data\PlaybackEngines\AndroidPlayer\OpenJDK\bin\server\jvm.dll
0x00007ffc72b30000 - 0x00007ffc72be2000 	C:\WINDOWS\System32\ADVAPI32.dll
0x00007ffc71490000 - 0x00007ffc71538000 	C:\WINDOWS\System32\sechost.dll
0x00007ffc70500000 - 0x00007ffc70528000 	C:\WINDOWS\System32\bcrypt.dll
0x00007ffc72cc0000 - 0x00007ffc72dd5000 	C:\WINDOWS\System32\RPCRT4.dll
0x00007ffc722f0000 - 0x00007ffc722f8000 	C:\WINDOWS\System32\PSAPI.DLL
0x00007ffc57f60000 - 0x00007ffc57f69000 	C:\WINDOWS\SYSTEM32\WSOCK32.dll
0x00007ffc685e0000 - 0x00007ffc68614000 	C:\WINDOWS\SYSTEM32\WINMM.dll
0x00007ffc71f50000 - 0x00007ffc71fc1000 	C:\WINDOWS\System32\WS2_32.dll
0x00007ffc6cfb0000 - 0x00007ffc6cfba000 	C:\WINDOWS\SYSTEM32\VERSION.dll
0x00007ffc6f2a0000 - 0x00007ffc6f2b8000 	C:\WINDOWS\SYSTEM32\kernel.appcore.dll
0x00007ffc686f0000 - 0x00007ffc68700000 	D:\Unity\UnityEditor\2022.3.7f1\Editor\Data\PlaybackEngines\AndroidPlayer\OpenJDK\bin\verify.dll
0x00007ffc6d7c0000 - 0x00007ffc6d9f3000 	C:\WINDOWS\SYSTEM32\DBGHELP.DLL
0x00007ffc727a0000 - 0x00007ffc72b28000 	C:\WINDOWS\System32\combase.dll
0x00007ffc71d50000 - 0x00007ffc71e27000 	C:\WINDOWS\System32\OLEAUT32.dll
0x00007ffc65920000 - 0x00007ffc65952000 	C:\WINDOWS\SYSTEM32\dbgcore.DLL
0x00007ffc70530000 - 0x00007ffc705a9000 	C:\WINDOWS\System32\bcryptPrimitives.dll
0x00007ffbf3f70000 - 0x00007ffbf3f98000 	D:\Unity\UnityEditor\2022.3.7f1\Editor\Data\PlaybackEngines\AndroidPlayer\OpenJDK\bin\java.dll
0x00007ffc51d10000 - 0x00007ffc51d1a000 	D:\Unity\UnityEditor\2022.3.7f1\Editor\Data\PlaybackEngines\AndroidPlayer\OpenJDK\bin\jimage.dll
0x00007ffbf3f50000 - 0x00007ffbf3f68000 	D:\Unity\UnityEditor\2022.3.7f1\Editor\Data\PlaybackEngines\AndroidPlayer\OpenJDK\bin\zip.dll
0x00007ffc70c30000 - 0x00007ffc7148c000 	C:\WINDOWS\System32\SHELL32.dll
0x00007ffc6e0d0000 - 0x00007ffc6e9c9000 	C:\WINDOWS\SYSTEM32\windows.storage.dll
0x00007ffc6df90000 - 0x00007ffc6e0ce000 	C:\WINDOWS\SYSTEM32\wintypes.dll
0x00007ffc71e30000 - 0x00007ffc71f23000 	C:\WINDOWS\System32\SHCORE.dll
0x00007ffc72700000 - 0x00007ffc7275e000 	C:\WINDOWS\System32\shlwapi.dll
0x00007ffc700e0000 - 0x00007ffc70101000 	C:\WINDOWS\SYSTEM32\profapi.dll
0x00007ffbf04c0000 - 0x00007ffbf04d9000 	D:\Unity\UnityEditor\2022.3.7f1\Editor\Data\PlaybackEngines\AndroidPlayer\OpenJDK\bin\net.dll
0x00007ffc695a0000 - 0x00007ffc696d6000 	C:\WINDOWS\SYSTEM32\WINHTTP.dll
0x00007ffc6f710000 - 0x00007ffc6f779000 	C:\WINDOWS\system32\mswsock.dll
0x00007ffbf04a0000 - 0x00007ffbf04b3000 	D:\Unity\UnityEditor\2022.3.7f1\Editor\Data\PlaybackEngines\AndroidPlayer\OpenJDK\bin\nio.dll

dbghelp: loaded successfully - version: 4.0.5 - missing functions: none
symbol engine: initialized successfully - sym options: 0x614 - pdb path: .;D:\Unity\UnityEditor\2022.3.7f1\Editor\Data\PlaybackEngines\AndroidPlayer\OpenJDK\bin;C:\WINDOWS\SYSTEM32;C:\WINDOWS\WinSxS\amd64_microsoft.windows.common-controls_6595b64144ccf1df_6.0.22621.3235_none_270f74e173860f98;D:\Unity\UnityEditor\2022.3.7f1\Editor\Data\PlaybackEngines\AndroidPlayer\OpenJDK\bin\server

VM Arguments:
jvm_args: -Dfile.encoding=UTF-8 -Dcom.android.sdkmanager.toolsdir=D:\Unity\UnityEditor\2022.3.7f1\Editor\Data\PlaybackEngines\AndroidPlayer\SDK\cmdline-tools\6.0\bin\\.. 
java_command: com.android.sdklib.tool.AvdManagerCli list target -c
java_class_path (initial): D:\Unity\UnityEditor\2022.3.7f1\Editor\Data\PlaybackEngines\AndroidPlayer\SDK\cmdline-tools\6.0\bin\..\lib\avdmanager-classpath.jar
Launcher Type: SUN_STANDARD

[Global flags]
     intx CICompilerCount                          = 4                                         {product} {ergonomic}
     uint ConcGCThreads                            = 2                                         {product} {ergonomic}
     uint G1ConcRefinementThreads                  = 8                                         {product} {ergonomic}
   size_t G1HeapRegionSize                         = 1048576                                   {product} {ergonomic}
    uintx GCDrainStackTargetSize                   = 64                                        {product} {ergonomic}
   size_t InitialHeapSize                          = 132120576                                 {product} {ergonomic}
   size_t MarkStackSize                            = 4194304                                   {product} {ergonomic}
   size_t MaxHeapSize                              = 2107637760                                {product} {ergonomic}
   size_t MaxNewSize                               = 1264582656                                {product} {ergonomic}
   size_t MinHeapDeltaBytes                        = 1048576                                   {product} {ergonomic}
    uintx NonNMethodCodeHeapSize                   = 5836300                                {pd product} {ergonomic}
    uintx NonProfiledCodeHeapSize                  = 122910970                              {pd product} {ergonomic}
    uintx ProfiledCodeHeapSize                     = 122910970                              {pd product} {ergonomic}
    uintx ReservedCodeCacheSize                    = 251658240                              {pd product} {ergonomic}
     bool SegmentedCodeCache                       = true                                      {product} {ergonomic}
     bool UseCompressedClassPointers               = true                                 {lp64_product} {ergonomic}
     bool UseCompressedOops                        = true                                 {lp64_product} {ergonomic}
     bool UseG1GC                                  = true                                      {product} {ergonomic}
     bool UseLargePagesIndividualAllocation        = false                                  {pd product} {ergonomic}

Logging:
Log output configuration:
 #0: stdout all=warning uptime,level,tags
 #1: stderr all=off uptime,level,tags

Environment Variables:
JAVA_HOME=D:\Unity\UnityEditor\2022.3.7f1\Editor\Data\PlaybackEngines\AndroidPlayer\OpenJDK
JAVA_TOOL_OPTIONS=-Dfile.encoding=UTF-8
CLASSPATH=D:\Unity\UnityEditor\2022.3.7f1\Editor\Data\PlaybackEngines\AndroidPlayer\SDK\cmdline-tools\6.0\bin\..\lib\avdmanager-classpath.jar
PATH=C:\Program Files\Common Files\Oracle\Java\javapath;D:\Python 3.9\Scripts\;C:\WINDOWS\system32;C:\WINDOWS;C:\WINDOWS\System32\Wbem;C:\WINDOWS\System32\WindowsPowerShell\v1.0\;C:\WINDOWS\System32\OpenSSH\;C:\Program Files (x86)\Intel\Intel(R) Management Engine Components\DAL;C:\Program Files\Intel\Intel(R) Management Engine Components\DAL;D:\git\Git\cmd;D:\NodeJs\;D:\Java\jdk-20\bin;C:\Program Files\MySQL\MySQL Server 8.0\bin;C:\Program Files\Cloudflare\Cloudflare WARP\;D:\Python 3.9\;;C:\Program Files\Git LFS;C:\Program Files\Docker\Docker\resources\bin;C:\Users\Vuong\AppData\Local\Microsoft\WindowsApps;C:\Users\Vuong\AppData\Roaming\npm;D:\Intelliji\IntelliJ IDEA 2023.3.6\bin;;D:\apache-mvn\apache-maven-3.8.8-bin\apache-maven-3.8.8\bin;C:\Users\Vuong\AppData\Local\Programs\Microsoft VS Code\bin
USERNAME=Vuong
OS=Windows_NT
PROCESSOR_IDENTIFIER=Intel64 Family 6 Model 142 Stepping 12, GenuineIntel



---------------  S Y S T E M  ---------------

OS: Windows 11 , 64 bit Build 22621 (10.0.22621.3374)
OS uptime: 4 days 0:12 hours
Hyper-V role detected

CPU:total 8 (initial active 8) (4 cores per cpu, 2 threads per core) family 6 model 142 stepping 12 microcode 0xf8, cmov, cx8, fxsr, mmx, sse, sse2, sse3, ssse3, sse4.1, sse4.2, popcnt, avx, avx2, aes, clmul, erms, 3dnowpref, lzcnt, ht, tsc, tscinvbit, bmi1, bmi2, adx, fma

Memory: 4k page, system-wide physical 8039M (468M free)
TotalPageFile size 23704M (AvailPageFile size 0M)
current process WorkingSet (physical memory assigned to process): 63M, peak: 63M
current process commit charge ("private bytes"): 213M, peak: 214M

vm_info: OpenJDK 64-Bit Server VM (11.0.14.1+1) for windows-amd64 JRE (11.0.14.1+1), built on Feb  9 2022 01:48:27 by "" with unknown MS VC++:1916

END.
